<?xml version="1.0" encoding="UTF-8"?>
<robot generator="Robot 5.0 (Python 3.10.4 on win32)" generated="20220418 23:25:05.168" rpa="false" schemaversion="3">
<suite id="s1" name="Test Case" source="G:\Estudio\Automatizacion QA\mi-primer-testcase-rf\test_case.robot">
<test id="s1-t1" name="Mi primir test" line="8">
<kw name="Open Browser" library="SeleniumLibrary">
<arg>https://demoqa.com/text-box</arg>
<arg>chrome</arg>
<doc>Opens a new browser instance to the optional ``url``.</doc>
<msg timestamp="20220418 23:25:05.351" level="INFO">Opening browser 'chrome' to base url 'https://demoqa.com/text-box'.</msg>
<status status="PASS" starttime="20220418 23:25:05.351" endtime="20220418 23:25:12.155"/>
</kw>
<kw name="Maximize Browser Window" library="SeleniumLibrary">
<doc>Maximizes current browser window.</doc>
<status status="PASS" starttime="20220418 23:25:12.155" endtime="20220418 23:25:12.275"/>
</kw>
<kw name="Sleep" library="BuiltIn">
<arg>2</arg>
<doc>Pauses the test executed for the given time.</doc>
<msg timestamp="20220418 23:25:14.285" level="INFO">Slept 2 seconds</msg>
<status status="PASS" starttime="20220418 23:25:12.276" endtime="20220418 23:25:14.285"/>
</kw>
<kw name="Input Text" library="SeleniumLibrary">
<arg>id=userName</arg>
<arg>Come Galletas</arg>
<doc>Types the given ``text`` into the text field identified by ``locator``.</doc>
<msg timestamp="20220418 23:25:14.286" level="INFO">Typing text 'Come Galletas' into text field 'id=userName'.</msg>
<status status="PASS" starttime="20220418 23:25:14.285" endtime="20220418 23:25:14.370"/>
</kw>
<kw name="Sleep" library="BuiltIn">
<arg>2</arg>
<doc>Pauses the test executed for the given time.</doc>
<msg timestamp="20220418 23:25:16.381" level="INFO">Slept 2 seconds</msg>
<status status="PASS" starttime="20220418 23:25:14.370" endtime="20220418 23:25:16.381"/>
</kw>
<kw name="Input Text" library="SeleniumLibrary">
<arg>id=userEmail</arg>
<arg>sandy.herrera28@gmail.com</arg>
<doc>Types the given ``text`` into the text field identified by ``locator``.</doc>
<msg timestamp="20220418 23:25:16.382" level="INFO">Typing text 'sandy.herrera28@gmail.com' into text field 'id=userEmail'.</msg>
<status status="PASS" starttime="20220418 23:25:16.381" endtime="20220418 23:25:16.470"/>
</kw>
<kw name="Sleep" library="BuiltIn">
<arg>2</arg>
<doc>Pauses the test executed for the given time.</doc>
<msg timestamp="20220418 23:25:18.473" level="INFO">Slept 2 seconds</msg>
<status status="PASS" starttime="20220418 23:25:16.470" endtime="20220418 23:25:18.473"/>
</kw>
<kw name="Input Text" library="SeleniumLibrary">
<arg>id=currentAddress</arg>
<arg>Calle 64 Pereira</arg>
<doc>Types the given ``text`` into the text field identified by ``locator``.</doc>
<msg timestamp="20220418 23:25:18.474" level="INFO">Typing text 'Calle 64 Pereira' into text field 'id=currentAddress'.</msg>
<status status="PASS" starttime="20220418 23:25:18.474" endtime="20220418 23:25:18.569"/>
</kw>
<kw name="Sleep" library="BuiltIn">
<arg>2</arg>
<doc>Pauses the test executed for the given time.</doc>
<msg timestamp="20220418 23:25:20.573" level="INFO">Slept 2 seconds</msg>
<status status="PASS" starttime="20220418 23:25:18.569" endtime="20220418 23:25:20.573"/>
</kw>
<kw name="Input Text" library="SeleniumLibrary">
<arg>id=permanentAddress</arg>
<arg>Calle 64 Pereira</arg>
<doc>Types the given ``text`` into the text field identified by ``locator``.</doc>
<msg timestamp="20220418 23:25:20.577" level="INFO">Typing text 'Calle 64 Pereira' into text field 'id=permanentAddress'.</msg>
<status status="PASS" starttime="20220418 23:25:20.577" endtime="20220418 23:25:20.651"/>
</kw>
<kw name="Sleep" library="BuiltIn">
<arg>2</arg>
<doc>Pauses the test executed for the given time.</doc>
<msg timestamp="20220418 23:25:22.659" level="INFO">Slept 2 seconds</msg>
<status status="PASS" starttime="20220418 23:25:20.651" endtime="20220418 23:25:22.659"/>
</kw>
<kw name="Execute Javascript" library="SeleniumLibrary">
<arg>window.scrollTo(0,200)</arg>
<doc>Executes the given JavaScript code with possible arguments.</doc>
<msg timestamp="20220418 23:25:22.662" level="INFO">Executing JavaScript:
window.scrollTo(0,200)
Without any arguments.</msg>
<status status="PASS" starttime="20220418 23:25:22.661" endtime="20220418 23:25:22.684"/>
</kw>
<kw name="Sleep" library="BuiltIn">
<arg>2</arg>
<doc>Pauses the test executed for the given time.</doc>
<msg timestamp="20220418 23:25:24.693" level="INFO">Slept 2 seconds</msg>
<status status="PASS" starttime="20220418 23:25:22.686" endtime="20220418 23:25:24.693"/>
</kw>
<kw name="Click Button" library="SeleniumLibrary">
<arg>id=submit</arg>
<doc>Clicks the button identified by ``locator``.</doc>
<msg timestamp="20220418 23:25:24.694" level="INFO">Clicking button 'id=submit'.</msg>
<status status="PASS" starttime="20220418 23:25:24.693" endtime="20220418 23:25:24.779"/>
</kw>
<kw name="Close Browser" library="SeleniumLibrary">
<doc>Closes the current browser.</doc>
<status status="PASS" starttime="20220418 23:25:24.780" endtime="20220418 23:25:26.925"/>
</kw>
<status status="PASS" starttime="20220418 23:25:05.350" endtime="20220418 23:25:26.925"/>
</test>
<status status="PASS" starttime="20220418 23:25:05.169" endtime="20220418 23:25:26.927"/>
</suite>
<statistics>
<total>
<stat pass="1" fail="0" skip="0">All Tests</stat>
</total>
<tag>
</tag>
<suite>
<stat pass="1" fail="0" skip="0" id="s1" name="Test Case">Test Case</stat>
</suite>
</statistics>
<errors>
</errors>
</robot>
