<?xml version="1.0" encoding="UTF-8"?>
<robot generator="Robot 5.0 (Python 3.10.4 on win32)" generated="20220419 07:33:14.564" rpa="false" schemaversion="3">
<suite id="s1" name="Test Case" source="G:\Estudio\Automatizacion QA\mi-primer-testcase-rf\test_case.robot">
<test id="s1-t1" name="Mi primir test" line="8">
<kw name="Open Browser" library="SeleniumLibrary">
<arg>https://demoqa.com/text-box</arg>
<arg>chrome</arg>
<doc>Opens a new browser instance to the optional ``url``.</doc>
<msg timestamp="20220419 07:33:15.035" level="INFO">Opening browser 'chrome' to base url 'https://demoqa.com/text-box'.</msg>
<status status="PASS" starttime="20220419 07:33:15.034" endtime="20220419 07:33:23.481"/>
</kw>
<kw name="Maximize Browser Window" library="SeleniumLibrary">
<doc>Maximizes current browser window.</doc>
<status status="PASS" starttime="20220419 07:33:23.481" endtime="20220419 07:33:23.603"/>
</kw>
<kw name="Sleep" library="BuiltIn">
<arg>2</arg>
<doc>Pauses the test executed for the given time.</doc>
<msg timestamp="20220419 07:33:25.608" level="INFO">Slept 2 seconds</msg>
<status status="PASS" starttime="20220419 07:33:23.603" endtime="20220419 07:33:25.608"/>
</kw>
<kw name="Input Text" library="SeleniumLibrary">
<arg>id=userName</arg>
<arg>Come_Galletas</arg>
<doc>Types the given ``text`` into the text field identified by ``locator``.</doc>
<msg timestamp="20220419 07:33:25.609" level="INFO">Typing text 'Come_Galletas' into text field 'id=userName'.</msg>
<status status="PASS" starttime="20220419 07:33:25.609" endtime="20220419 07:33:25.688"/>
</kw>
<kw name="Sleep" library="BuiltIn">
<arg>2</arg>
<doc>Pauses the test executed for the given time.</doc>
<msg timestamp="20220419 07:33:27.695" level="INFO">Slept 2 seconds</msg>
<status status="PASS" starttime="20220419 07:33:25.688" endtime="20220419 07:33:27.695"/>
</kw>
<kw name="Input Text" library="SeleniumLibrary">
<arg>id=userEmail</arg>
<arg>sandy.herrera28@gmail.com</arg>
<doc>Types the given ``text`` into the text field identified by ``locator``.</doc>
<msg timestamp="20220419 07:33:27.696" level="INFO">Typing text 'sandy.herrera28@gmail.com' into text field 'id=userEmail'.</msg>
<status status="PASS" starttime="20220419 07:33:27.696" endtime="20220419 07:33:27.793"/>
</kw>
<kw name="Sleep" library="BuiltIn">
<arg>2</arg>
<doc>Pauses the test executed for the given time.</doc>
<msg timestamp="20220419 07:33:29.805" level="INFO">Slept 2 seconds</msg>
<status status="PASS" starttime="20220419 07:33:27.794" endtime="20220419 07:33:29.805"/>
</kw>
<kw name="Input Text" library="SeleniumLibrary">
<arg>id=currentAddress</arg>
<arg>Calle 64 Pereira</arg>
<doc>Types the given ``text`` into the text field identified by ``locator``.</doc>
<msg timestamp="20220419 07:33:29.807" level="INFO">Typing text 'Calle 64 Pereira' into text field 'id=currentAddress'.</msg>
<status status="PASS" starttime="20220419 07:33:29.806" endtime="20220419 07:33:29.903"/>
</kw>
<kw name="Sleep" library="BuiltIn">
<arg>2</arg>
<doc>Pauses the test executed for the given time.</doc>
<msg timestamp="20220419 07:33:31.917" level="INFO">Slept 2 seconds</msg>
<status status="PASS" starttime="20220419 07:33:29.904" endtime="20220419 07:33:31.917"/>
</kw>
<kw name="Input Text" library="SeleniumLibrary">
<arg>id=permanentAddress</arg>
<arg>Calle 64 Pereira</arg>
<doc>Types the given ``text`` into the text field identified by ``locator``.</doc>
<msg timestamp="20220419 07:33:31.920" level="INFO">Typing text 'Calle 64 Pereira' into text field 'id=permanentAddress'.</msg>
<status status="PASS" starttime="20220419 07:33:31.920" endtime="20220419 07:33:31.998"/>
</kw>
<kw name="Sleep" library="BuiltIn">
<arg>2</arg>
<doc>Pauses the test executed for the given time.</doc>
<msg timestamp="20220419 07:33:34.002" level="INFO">Slept 2 seconds</msg>
<status status="PASS" starttime="20220419 07:33:31.999" endtime="20220419 07:33:34.002"/>
</kw>
<kw name="Execute Javascript" library="SeleniumLibrary">
<arg>window.scrollTo(0,200)</arg>
<doc>Executes the given JavaScript code with possible arguments.</doc>
<msg timestamp="20220419 07:33:34.003" level="INFO">Executing JavaScript:
window.scrollTo(0,200)
Without any arguments.</msg>
<status status="PASS" starttime="20220419 07:33:34.003" endtime="20220419 07:33:34.009"/>
</kw>
<kw name="Sleep" library="BuiltIn">
<arg>2</arg>
<doc>Pauses the test executed for the given time.</doc>
<msg timestamp="20220419 07:33:36.020" level="INFO">Slept 2 seconds</msg>
<status status="PASS" starttime="20220419 07:33:34.009" endtime="20220419 07:33:36.020"/>
</kw>
<kw name="Click Button" library="SeleniumLibrary">
<arg>id=submit</arg>
<doc>Clicks the button identified by ``locator``.</doc>
<msg timestamp="20220419 07:33:36.023" level="INFO">Clicking button 'id=submit'.</msg>
<status status="PASS" starttime="20220419 07:33:36.022" endtime="20220419 07:33:36.082"/>
</kw>
<kw name="Close Browser" library="SeleniumLibrary">
<doc>Closes the current browser.</doc>
<status status="PASS" starttime="20220419 07:33:36.083" endtime="20220419 07:33:38.243"/>
</kw>
<status status="PASS" starttime="20220419 07:33:15.034" endtime="20220419 07:33:38.244"/>
</test>
<status status="PASS" starttime="20220419 07:33:14.565" endtime="20220419 07:33:38.246"/>
</suite>
<statistics>
<total>
<stat pass="1" fail="0" skip="0">All Tests</stat>
</total>
<tag>
</tag>
<suite>
<stat pass="1" fail="0" skip="0" id="s1" name="Test Case">Test Case</stat>
</suite>
</statistics>
<errors>
</errors>
</robot>
